<?xml version="1.0" encoding="UTF-8"?>
<!-- Generated by org.testng.reporters.JUnitXMLReporter -->
<testsuite hostname="MAYTINH-6IQQQN0" name="Default test" tests="3" failures="0" timestamp="19 Apr 2018 23:57:03 GMT" time="0.69" errors="0">
  <testcase name="queryUpdateCustomer" time="0.087" classname="tcLogin.database"/>
  <testcase name="testqueryShowCustomers" time="0.045" classname="tcLogin.database"/>
  <testcase name="testqueryShowCustomersWithID" time="0.006" classname="tcLogin.database"/>
</testsuite> <!-- Default test -->
